0 info it worked if it ends with ok
1 verbose cli [ '/usr/local/bin/node', '/bin/npm', 'start' ]
2 info using npm@3.10.5
3 info using node@v6.4.0
4 verbose run-script [ 'prestart', 'start', 'poststart' ]
5 info lifecycle graphql-server@0.0.1~prestart: graphql-server@0.0.1
6 silly lifecycle graphql-server@0.0.1~prestart: no script for prestart, continuing
7 info lifecycle graphql-server@0.0.1~start: graphql-server@0.0.1
8 verbose lifecycle graphql-server@0.0.1~start: unsafe-perm in lifecycle true
9 verbose lifecycle graphql-server@0.0.1~start: PATH: /usr/lib/node_modules/npm/bin/node-gyp-bin:/home/marco/Projects/graphql_react_example/server/node_modules/.bin:/usr/local/bin:/usr/lib64/qt-3.3/bin:/usr/local/bin:/bin:/usr/bin:/usr/local/sbin:/usr/sbin:/opt/ibm/Worklight-CLI:/home/marco/.local/bin:/home/marco/bin:/opt/apache/maven/latest/bin:/opt/java/latest/bin:/home/marco/.composer/vendor/bin:/opt/mongodb/latest/bin:/home/marco/.local/bin:/home/marco/bin:/opt/apache/maven/latest/bin:/opt/java/latest/bin:/home/marco/.composer/vendor/bin:/opt/mongodb/latest/bin:/opt/sublime_text/latest
10 verbose lifecycle graphql-server@0.0.1~start: CWD: /home/marco/Projects/graphql_react_example/server
11 silly lifecycle graphql-server@0.0.1~start: Args: [ '-c', 'node index.js' ]
12 silly lifecycle graphql-server@0.0.1~start: Returned: code: 1  signal: null
13 info lifecycle graphql-server@0.0.1~start: Failed to exec start script
14 verbose stack Error: graphql-server@0.0.1 start: `node index.js`
14 verbose stack Exit status 1
14 verbose stack     at EventEmitter.<anonymous> (/usr/lib/node_modules/npm/lib/utils/lifecycle.js:242:16)
14 verbose stack     at emitTwo (events.js:106:13)
14 verbose stack     at EventEmitter.emit (events.js:191:7)
14 verbose stack     at ChildProcess.<anonymous> (/usr/lib/node_modules/npm/lib/utils/spawn.js:40:14)
14 verbose stack     at emitTwo (events.js:106:13)
14 verbose stack     at ChildProcess.emit (events.js:191:7)
14 verbose stack     at maybeClose (internal/child_process.js:852:16)
14 verbose stack     at Process.ChildProcess._handle.onexit (internal/child_process.js:215:5)
15 verbose pkgid graphql-server@0.0.1
16 verbose cwd /home/marco/Projects/graphql_react_example/server/public
17 error Linux 3.10.0-327.22.2.el7.x86_64
18 error argv "/usr/local/bin/node" "/bin/npm" "start"
19 error node v6.4.0
20 error npm  v3.10.5
21 error code ELIFECYCLE
22 error graphql-server@0.0.1 start: `node index.js`
22 error Exit status 1
23 error Failed at the graphql-server@0.0.1 start script 'node index.js'.
23 error Make sure you have the latest version of node.js and npm installed.
23 error If you do, this is most likely a problem with the graphql-server package,
23 error not with npm itself.
23 error Tell the author that this fails on your system:
23 error     node index.js
23 error You can get information on how to open an issue for this project with:
23 error     npm bugs graphql-server
23 error Or if that isn't available, you can get their info via:
23 error     npm owner ls graphql-server
23 error There is likely additional logging output above.
24 verbose exit [ 1, true ]
